<?xml version="1.0" encoding="UTF-8"?>
<!-- Generated by org.testng.reporters.JUnitReportReporter -->
<testsuite hostname="UmaBalaji" failures="0" tests="11" name="testRunner.TestRunner" time="10.129" errors="0" timestamp="2023-05-08T11:28:23 CDT" skipped="0">
  <testcase classname="testRunner.TestRunner" name="runScenario" time="0.528"/>
  <system-out/>
  <testcase classname="testRunner.TestRunner" name="runScenario" time="0.558"/>
  <system-out/>
  <testcase classname="testRunner.TestRunner" name="runScenario" time="0.498"/>
  <system-out/>
  <testcase classname="testRunner.TestRunner" name="runScenario" time="0.627"/>
  <system-out/>
  <testcase classname="testRunner.TestRunner" name="runScenario" time="0.765"/>
  <system-out/>
  <testcase classname="testRunner.TestRunner" name="runScenario" time="0.710"/>
  <system-out/>
  <testcase classname="testRunner.TestRunner" name="runScenario" time="0.499"/>
  <system-out/>
  <testcase classname="testRunner.TestRunner" name="runScenario" time="2.700"/>
  <system-out/>
  <testcase classname="testRunner.TestRunner" name="runScenario" time="1.878"/>
  <system-out/>
  <testcase classname="testRunner.TestRunner" name="runScenario" time="0.772"/>
  <system-out/>
  <testcase classname="testRunner.TestRunner" name="runScenario" time="0.594"/>
  <system-out/>
</testsuite> <!-- testRunner.TestRunner -->
