<?xml version="1.0" encoding="UTF-8"?>
<!-- Generated by org.testng.reporters.JUnitReportReporter -->
<testsuite hostname="UmaBalaji" failures="0" tests="133" name="testRunner.TestRunner" time="236.429" errors="0" timestamp="2023-05-08T15:12:43 CDT" skipped="0">
  <testcase classname="testRunner.TestRunner" name="runScenario" time="2.553"/>
  <system-out/>
  <testcase classname="testRunner.TestRunner" name="runScenario" time="0.628"/>
  <system-out/>
  <testcase classname="testRunner.TestRunner" name="runScenario" time="0.563"/>
  <system-out/>
  <testcase classname="testRunner.TestRunner" name="runScenario" time="0.637"/>
  <system-out/>
  <testcase classname="testRunner.TestRunner" name="runScenario" time="3.805"/>
  <system-out/>
  <testcase classname="testRunner.TestRunner" name="runScenario" time="0.989"/>
  <system-out/>
  <testcase classname="testRunner.TestRunner" name="runScenario" time="0.800"/>
  <system-out/>
  <testcase classname="testRunner.TestRunner" name="runScenario" time="0.468"/>
  <system-out/>
  <testcase classname="testRunner.TestRunner" name="runScenario" time="2.161"/>
  <system-out/>
  <testcase classname="testRunner.TestRunner" name="runScenario" time="2.288"/>
  <system-out/>
  <testcase classname="testRunner.TestRunner" name="runScenario" time="4.582"/>
  <system-out/>
  <testcase classname="testRunner.TestRunner" name="runScenario" time="0.660"/>
  <system-out/>
  <testcase classname="testRunner.TestRunner" name="runScenario" time="1.559"/>
  <system-out/>
  <testcase classname="testRunner.TestRunner" name="runScenario" time="1.791"/>
  <system-out/>
  <testcase classname="testRunner.TestRunner" name="runScenario" time="2.213"/>
  <system-out/>
  <testcase classname="testRunner.TestRunner" name="runScenario" time="0.548"/>
  <system-out/>
  <testcase classname="testRunner.TestRunner" name="runScenario" time="3.757"/>
  <system-out/>
  <testcase classname="testRunner.TestRunner" name="runScenario" time="0.752"/>
  <system-out/>
  <testcase classname="testRunner.TestRunner" name="runScenario" time="0.826"/>
  <system-out/>
  <testcase classname="testRunner.TestRunner" name="runScenario" time="0.437"/>
  <system-out/>
  <testcase classname="testRunner.TestRunner" name="runScenario" time="0.471"/>
  <system-out/>
  <testcase classname="testRunner.TestRunner" name="runScenario" time="0.722"/>
  <system-out/>
  <testcase classname="testRunner.TestRunner" name="runScenario" time="0.739"/>
  <system-out/>
  <testcase classname="testRunner.TestRunner" name="runScenario" time="1.139"/>
  <system-out/>
  <testcase classname="testRunner.TestRunner" name="runScenario" time="3.814"/>
  <system-out/>
  <testcase classname="testRunner.TestRunner" name="runScenario" time="2.285"/>
  <system-out/>
  <testcase classname="testRunner.TestRunner" name="runScenario" time="0.615"/>
  <system-out/>
  <testcase classname="testRunner.TestRunner" name="runScenario" time="2.525"/>
  <system-out/>
  <testcase classname="testRunner.TestRunner" name="runScenario" time="3.821"/>
  <system-out/>
  <testcase classname="testRunner.TestRunner" name="runScenario" time="3.129"/>
  <system-out/>
  <testcase classname="testRunner.TestRunner" name="runScenario" time="0.702"/>
  <system-out/>
  <testcase classname="testRunner.TestRunner" name="runScenario" time="0.500"/>
  <system-out/>
  <testcase classname="testRunner.TestRunner" name="runScenario" time="0.551"/>
  <system-out/>
  <testcase classname="testRunner.TestRunner" name="runScenario" time="3.739"/>
  <system-out/>
  <testcase classname="testRunner.TestRunner" name="runScenario" time="0.652"/>
  <system-out/>
  <testcase classname="testRunner.TestRunner" name="runScenario" time="0.436"/>
  <system-out/>
  <testcase classname="testRunner.TestRunner" name="runScenario" time="0.543"/>
  <system-out/>
  <testcase classname="testRunner.TestRunner" name="runScenario" time="2.566"/>
  <system-out/>
  <testcase classname="testRunner.TestRunner" name="runScenario" time="3.819"/>
  <system-out/>
  <testcase classname="testRunner.TestRunner" name="runScenario" time="3.728"/>
  <system-out/>
  <testcase classname="testRunner.TestRunner" name="runScenario" time="0.587"/>
  <system-out/>
  <testcase classname="testRunner.TestRunner" name="runScenario" time="0.727"/>
  <system-out/>
  <testcase classname="testRunner.TestRunner" name="runScenario" time="0.663"/>
  <system-out/>
  <testcase classname="testRunner.TestRunner" name="runScenario" time="0.902"/>
  <system-out/>
  <testcase classname="testRunner.TestRunner" name="runScenario" time="3.811"/>
  <system-out/>
  <testcase classname="testRunner.TestRunner" name="runScenario" time="2.757"/>
  <system-out/>
  <testcase classname="testRunner.TestRunner" name="runScenario" time="0.505"/>
  <system-out/>
  <testcase classname="testRunner.TestRunner" name="runScenario" time="1.280"/>
  <system-out/>
  <testcase classname="testRunner.TestRunner" name="runScenario" time="1.292"/>
  <system-out/>
  <testcase classname="testRunner.TestRunner" name="runScenario" time="0.492"/>
  <system-out/>
  <testcase classname="testRunner.TestRunner" name="runScenario" time="2.580"/>
  <system-out/>
  <testcase classname="testRunner.TestRunner" name="runScenario" time="1.294"/>
  <system-out/>
  <testcase classname="testRunner.TestRunner" name="runScenario" time="0.489"/>
  <system-out/>
  <testcase classname="testRunner.TestRunner" name="runScenario" time="3.869"/>
  <system-out/>
  <testcase classname="testRunner.TestRunner" name="runScenario" time="0.755"/>
  <system-out/>
  <testcase classname="testRunner.TestRunner" name="runScenario" time="2.681"/>
  <system-out/>
  <testcase classname="testRunner.TestRunner" name="runScenario" time="2.664"/>
  <system-out/>
  <testcase classname="testRunner.TestRunner" name="runScenario" time="2.581"/>
  <system-out/>
  <testcase classname="testRunner.TestRunner" name="runScenario" time="3.829"/>
  <system-out/>
  <testcase classname="testRunner.TestRunner" name="runScenario" time="3.705"/>
  <system-out/>
  <testcase classname="testRunner.TestRunner" name="runScenario" time="0.784"/>
  <system-out/>
  <testcase classname="testRunner.TestRunner" name="runScenario" time="0.688"/>
  <system-out/>
  <testcase classname="testRunner.TestRunner" name="runScenario" time="0.618"/>
  <system-out/>
  <testcase classname="testRunner.TestRunner" name="runScenario" time="2.168"/>
  <system-out/>
  <testcase classname="testRunner.TestRunner" name="runScenario" time="1.069"/>
  <system-out/>
  <testcase classname="testRunner.TestRunner" name="runScenario" time="0.562"/>
  <system-out/>
  <testcase classname="testRunner.TestRunner" name="runScenario" time="0.724"/>
  <system-out/>
  <testcase classname="testRunner.TestRunner" name="runScenario" time="3.728"/>
  <system-out/>
  <testcase classname="testRunner.TestRunner" name="runScenario" time="0.596"/>
  <system-out/>
  <testcase classname="testRunner.TestRunner" name="runScenario" time="0.538"/>
  <system-out/>
  <testcase classname="testRunner.TestRunner" name="runScenario" time="0.941"/>
  <system-out/>
  <testcase classname="testRunner.TestRunner" name="runScenario" time="0.685"/>
  <system-out/>
  <testcase classname="testRunner.TestRunner" name="runScenario" time="2.298"/>
  <system-out/>
  <testcase classname="testRunner.TestRunner" name="runScenario" time="0.875"/>
  <system-out/>
  <testcase classname="testRunner.TestRunner" name="runScenario" time="0.238"/>
  <system-out/>
  <testcase classname="testRunner.TestRunner" name="runScenario" time="3.881"/>
  <system-out/>
  <testcase classname="testRunner.TestRunner" name="runScenario" time="0.575"/>
  <system-out/>
  <testcase classname="testRunner.TestRunner" name="runScenario" time="3.816"/>
  <system-out/>
  <testcase classname="testRunner.TestRunner" name="runScenario" time="3.809"/>
  <system-out/>
  <testcase classname="testRunner.TestRunner" name="runScenario" time="0.698"/>
  <system-out/>
  <testcase classname="testRunner.TestRunner" name="runScenario" time="0.596"/>
  <system-out/>
  <testcase classname="testRunner.TestRunner" name="runScenario" time="2.075"/>
  <system-out/>
  <testcase classname="testRunner.TestRunner" name="runScenario" time="1.100"/>
  <system-out/>
  <testcase classname="testRunner.TestRunner" name="runScenario" time="0.388"/>
  <system-out/>
  <testcase classname="testRunner.TestRunner" name="runScenario" time="0.593"/>
  <system-out/>
  <testcase classname="testRunner.TestRunner" name="runScenario" time="1.229"/>
  <system-out/>
  <testcase classname="testRunner.TestRunner" name="runScenario" time="0.506"/>
  <system-out/>
  <testcase classname="testRunner.TestRunner" name="runScenario" time="2.179"/>
  <system-out/>
  <testcase classname="testRunner.TestRunner" name="runScenario" time="0.643"/>
  <system-out/>
  <testcase classname="testRunner.TestRunner" name="runScenario" time="0.961"/>
  <system-out/>
  <testcase classname="testRunner.TestRunner" name="runScenario" time="0.499"/>
  <system-out/>
  <testcase classname="testRunner.TestRunner" name="runScenario" time="3.775"/>
  <system-out/>
  <testcase classname="testRunner.TestRunner" name="runScenario" time="11.603"/>
  <system-out/>
  <testcase classname="testRunner.TestRunner" name="runScenario" time="0.530"/>
  <system-out/>
  <testcase classname="testRunner.TestRunner" name="runScenario" time="3.733"/>
  <system-out/>
  <testcase classname="testRunner.TestRunner" name="runScenario" time="3.766"/>
  <system-out/>
  <testcase classname="testRunner.TestRunner" name="runScenario" time="3.821"/>
  <system-out/>
  <testcase classname="testRunner.TestRunner" name="runScenario" time="3.749"/>
  <system-out/>
  <testcase classname="testRunner.TestRunner" name="runScenario" time="0.536"/>
  <system-out/>
  <testcase classname="testRunner.TestRunner" name="runScenario" time="0.838"/>
  <system-out/>
  <testcase classname="testRunner.TestRunner" name="runScenario" time="1.873"/>
  <system-out/>
  <testcase classname="testRunner.TestRunner" name="runScenario" time="0.571"/>
  <system-out/>
  <testcase classname="testRunner.TestRunner" name="runScenario" time="1.010"/>
  <system-out/>
  <testcase classname="testRunner.TestRunner" name="runScenario" time="0.717"/>
  <system-out/>
  <testcase classname="testRunner.TestRunner" name="runScenario" time="0.468"/>
  <system-out/>
  <testcase classname="testRunner.TestRunner" name="runScenario" time="0.759"/>
  <system-out/>
  <testcase classname="testRunner.TestRunner" name="runScenario" time="3.762"/>
  <system-out/>
  <testcase classname="testRunner.TestRunner" name="runScenario" time="2.158"/>
  <system-out/>
  <testcase classname="testRunner.TestRunner" name="runScenario" time="2.550"/>
  <system-out/>
  <testcase classname="testRunner.TestRunner" name="runScenario" time="0.383"/>
  <system-out/>
  <testcase classname="testRunner.TestRunner" name="runScenario" time="0.371"/>
  <system-out/>
  <testcase classname="testRunner.TestRunner" name="runScenario" time="0.871"/>
  <system-out/>
  <testcase classname="testRunner.TestRunner" name="runScenario" time="3.730"/>
  <system-out/>
  <testcase classname="testRunner.TestRunner" name="runScenario" time="0.904"/>
  <system-out/>
  <testcase classname="testRunner.TestRunner" name="runScenario" time="3.927"/>
  <system-out/>
  <testcase classname="testRunner.TestRunner" name="runScenario" time="3.759"/>
  <system-out/>
  <testcase classname="testRunner.TestRunner" name="runScenario" time="1.111"/>
  <system-out/>
  <testcase classname="testRunner.TestRunner" name="runScenario" time="3.483"/>
  <system-out/>
  <testcase classname="testRunner.TestRunner" name="runScenario" time="3.914"/>
  <system-out/>
  <testcase classname="testRunner.TestRunner" name="runScenario" time="2.251"/>
  <system-out/>
  <testcase classname="testRunner.TestRunner" name="runScenario" time="2.913"/>
  <system-out/>
  <testcase classname="testRunner.TestRunner" name="runScenario" time="2.714"/>
  <system-out/>
  <testcase classname="testRunner.TestRunner" name="runScenario" time="0.630"/>
  <system-out/>
  <testcase classname="testRunner.TestRunner" name="runScenario" time="2.559"/>
  <system-out/>
  <testcase classname="testRunner.TestRunner" name="runScenario" time="3.345"/>
  <system-out/>
  <testcase classname="testRunner.TestRunner" name="runScenario" time="0.560"/>
  <system-out/>
  <testcase classname="testRunner.TestRunner" name="runScenario" time="0.856"/>
  <system-out/>
  <testcase classname="testRunner.TestRunner" name="runScenario" time="0.530"/>
  <system-out/>
  <testcase classname="testRunner.TestRunner" name="runScenario" time="0.545"/>
  <system-out/>
  <testcase classname="testRunner.TestRunner" name="runScenario" time="2.842"/>
  <system-out/>
  <testcase classname="testRunner.TestRunner" name="runScenario" time="0.594"/>
  <system-out/>
  <testcase classname="testRunner.TestRunner" name="runScenario" time="0.818"/>
  <system-out/>
  <testcase classname="testRunner.TestRunner" name="runScenario" time="0.564"/>
  <system-out/>
</testsuite> <!-- testRunner.TestRunner -->
